d:\github\gameproject\trainingframework\debug-nvidia\vc140.pdb
d:\github\gameproject\trainingframework\debug-nvidia\vc140.idb
d:\github\gameproject\trainingframework\debug-nvidia\opossum.obj
d:\github\gameproject\trainingframework\debug-nvidia\player.obj
d:\github\gameproject\trainingframework\debug-nvidia\sprite2d.obj
d:\github\gameproject\trainingframework\debug-nvidia\camera.obj
d:\github\gameproject\trainingframework\debug-nvidia\sprite3d.obj
d:\github\gameproject\trainingframework\debug-nvidia\models.obj
d:\github\gameproject\trainingframework\debug-nvidia\shaders.obj
d:\github\gameproject\trainingframework\debug-nvidia\spriteanimation.obj
d:\github\gameproject\trainingframework\debug-nvidia\text.obj
d:\github\gameproject\trainingframework\debug-nvidia\texture.obj
d:\github\gameproject\trainingframework\debug-nvidia\gamestatebase.obj
d:\github\gameproject\trainingframework\debug-nvidia\gamestatemachine.obj
d:\github\gameproject\trainingframework\debug-nvidia\gscredit.obj
d:\github\gameproject\trainingframework\debug-nvidia\gsdone.obj
d:\github\gameproject\trainingframework\debug-nvidia\gsgameover.obj
d:\github\gameproject\trainingframework\debug-nvidia\gshighscore.obj
d:\github\gameproject\trainingframework\debug-nvidia\gsintro.obj
d:\github\gameproject\trainingframework\debug-nvidia\gsmenu.obj
d:\github\gameproject\trainingframework\debug-nvidia\gsplay.obj
d:\github\gameproject\trainingframework\debug-nvidia\trainingframework.obj
d:\github\gameproject\trainingframework\debug-nvidia\application.obj
d:\github\gameproject\trainingframework\debug-nvidia\resourcemanagers.obj
d:\github\gameproject\trainingframework\debug-nvidia\flatform.obj
d:\github\gameproject\trainingframework\debug-nvidia\font.obj
d:\github\gameproject\trainingframework\debug-nvidia\frog.obj
d:\github\gameproject\trainingframework\debug-nvidia\gamebutton.obj
d:\github\gameproject\trainingframework\debug-nvidia\home.obj
d:\github\gameproject\trainingframework\debug-nvidia\item.obj
c:\users\dell\desktop\20202\gameproject\trainingframework\debug-nvidia\vc142.pdb
c:\users\dell\desktop\20202\gameproject\trainingframework\debug-nvidia\vc142.idb
c:\users\dell\desktop\20202\gameproject\trainingframework\debug-nvidia\opossum.obj
c:\users\dell\desktop\20202\gameproject\trainingframework\debug-nvidia\player.obj
c:\users\dell\desktop\20202\gameproject\trainingframework\debug-nvidia\sprite2d.obj
c:\users\dell\desktop\20202\gameproject\trainingframework\debug-nvidia\camera.obj
c:\users\dell\desktop\20202\gameproject\trainingframework\debug-nvidia\sprite3d.obj
c:\users\dell\desktop\20202\gameproject\trainingframework\debug-nvidia\models.obj
c:\users\dell\desktop\20202\gameproject\trainingframework\debug-nvidia\shaders.obj
c:\users\dell\desktop\20202\gameproject\trainingframework\debug-nvidia\spriteanimation.obj
c:\users\dell\desktop\20202\gameproject\trainingframework\debug-nvidia\text.obj
c:\users\dell\desktop\20202\gameproject\trainingframework\debug-nvidia\texture.obj
c:\users\dell\desktop\20202\gameproject\trainingframework\debug-nvidia\gamestatebase.obj
c:\users\dell\desktop\20202\gameproject\trainingframework\debug-nvidia\gamestatemachine.obj
c:\users\dell\desktop\20202\gameproject\trainingframework\debug-nvidia\gscredit.obj
c:\users\dell\desktop\20202\gameproject\trainingframework\debug-nvidia\gsdone.obj
c:\users\dell\desktop\20202\gameproject\trainingframework\debug-nvidia\gsgameover.obj
c:\users\dell\desktop\20202\gameproject\trainingframework\debug-nvidia\gshighscore.obj
c:\users\dell\desktop\20202\gameproject\trainingframework\debug-nvidia\gsintro.obj
c:\users\dell\desktop\20202\gameproject\trainingframework\debug-nvidia\gsmenu.obj
c:\users\dell\desktop\20202\gameproject\trainingframework\debug-nvidia\gsplay.obj
c:\users\dell\desktop\20202\gameproject\trainingframework\debug-nvidia\application.obj
c:\users\dell\desktop\20202\gameproject\trainingframework\debug-nvidia\resourcemanagers.obj
c:\users\dell\desktop\20202\gameproject\trainingframework\debug-nvidia\flatform.obj
c:\users\dell\desktop\20202\gameproject\trainingframework\debug-nvidia\font.obj
c:\users\dell\desktop\20202\gameproject\trainingframework\debug-nvidia\frog.obj
c:\users\dell\desktop\20202\gameproject\trainingframework\debug-nvidia\gamebutton.obj
c:\users\dell\desktop\20202\gameproject\trainingframework\debug-nvidia\home.obj
c:\users\dell\desktop\20202\gameproject\trainingframework\debug-nvidia\item.obj
d:\github\gameproject\bin-nvidia\trainingframework.ilk
d:\github\gameproject\bin-nvidia\trainingframework.exe
d:\github\gameproject\bin-nvidia\trainingframework.pdb
c:\users\dell\desktop\20202\gameproject\trainingframework\debug-nvidia\vc140.idb
c:\users\dell\desktop\20202\gameproject\bin-nvidia\trainingframework.exe
c:\users\dell\desktop\20202\gameproject\trainingframework\debug-nvidia\training.fc024ec8.tlog\cl.command.1.tlog
c:\users\dell\desktop\20202\gameproject\trainingframework\debug-nvidia\training.fc024ec8.tlog\cl.read.1.tlog
c:\users\dell\desktop\20202\gameproject\trainingframework\debug-nvidia\training.fc024ec8.tlog\cl.write.1.tlog
c:\users\dell\desktop\20202\gameproject\trainingframework\debug-nvidia\training.fc024ec8.tlog\link.command.1.tlog
c:\users\dell\desktop\20202\gameproject\trainingframework\debug-nvidia\training.fc024ec8.tlog\link.read.1.tlog
c:\users\dell\desktop\20202\gameproject\trainingframework\debug-nvidia\training.fc024ec8.tlog\link.write.1.tlog
