  GSPlay.cpp
C:\Users\DELL\Downloads\New folder\TrainingFramework\src\GameObject\Player.h(4,10): warning C4067: unexpected tokens following preprocessor directive - expected a newline
C:\Users\DELL\Downloads\New folder\TrainingFramework\src\GameObject\Opossum.h(4,10): warning C4067: unexpected tokens following preprocessor directive - expected a newline
C:\Users\DELL\Downloads\New folder\TrainingFramework\src\GameObject\Home.h(15,20): warning C4244: 'argument': conversion from 'GLint' to 'GLfloat', possible loss of data
C:\Users\DELL\Downloads\New folder\TrainingFramework\src\GameObject\Home.h(15,17): warning C4244: 'argument': conversion from 'GLint' to 'GLfloat', possible loss of data
C:\Users\DELL\Downloads\New folder\TrainingFramework\src\GameObject\Home.h(18,14): warning C4244: '=': conversion from 'GLint' to 'GLfloat', possible loss of data
C:\Users\DELL\Downloads\New folder\TrainingFramework\src\GameObject\Home.h(19,14): warning C4244: '=': conversion from 'GLint' to 'GLfloat', possible loss of data
C:\Users\DELL\Downloads\New folder\TrainingFramework\src\GameObject\FlatForm.h(17,20): warning C4244: 'argument': conversion from 'GLint' to 'GLfloat', possible loss of data
C:\Users\DELL\Downloads\New folder\TrainingFramework\src\GameObject\FlatForm.h(17,17): warning C4244: 'argument': conversion from 'GLint' to 'GLfloat', possible loss of data
C:\Users\DELL\Downloads\New folder\TrainingFramework\src\GameObject\FlatForm.h(20,12): warning C4244: '=': conversion from 'GLint' to 'GLfloat', possible loss of data
C:\Users\DELL\Downloads\New folder\TrainingFramework\src\GameObject\FlatForm.h(21,14): warning C4244: '=': conversion from 'GLint' to 'GLfloat', possible loss of data
C:\Users\DELL\Downloads\New folder\TrainingFramework\src\GameStates\GSPlay.cpp(54,51): warning C4244: 'argument': conversion from 'int' to 'GLfloat', possible loss of data
C:\Users\DELL\Downloads\New folder\TrainingFramework\src\GameStates\GSPlay.cpp(54,33): warning C4244: 'argument': conversion from 'int' to 'GLfloat', possible loss of data
C:\Users\DELL\Downloads\New folder\TrainingFramework\src\GameStates\GSPlay.cpp(59,57): warning C4244: 'argument': conversion from 'double' to 'GLfloat', possible loss of data
C:\Users\DELL\Downloads\New folder\TrainingFramework\src\GameStates\GSPlay.cpp(59,39): warning C4244: 'argument': conversion from 'double' to 'GLfloat', possible loss of data
C:\Program Files (x86)\Microsoft Visual Studio\2019\Community\VC\Tools\MSVC\14.28.29910\include\xutility(138,73): warning C4244: 'argument': conversion from '_Ty' to 'float', possible loss of data
          with
          [
              _Ty=double
          ]
C:\Program Files (x86)\Microsoft Visual Studio\2019\Community\VC\Tools\MSVC\14.28.29910\include\memory(2194): message : see reference to function template instantiation 'void std::_Construct_in_place<_Ty,std::shared_ptr<Shaders>&,std::shared_ptr<Font>&,std::basic_string<char,std::char_traits<char>,std::allocator<char>>,TEXT_COLOR,double>(_Ty &,std::shared_ptr<Shaders> &,std::shared_ptr<Font> &,std::basic_string<char,std::char_traits<char>,std::allocator<char>> &&,TEXT_COLOR &&,double &&) noexcept(false)' being compiled
          with
          [
              _Ty=Text
          ]
C:\Program Files (x86)\Microsoft Visual Studio\2019\Community\VC\Tools\MSVC\14.28.29910\include\memory(2907): message : see reference to function template instantiation 'std::_Ref_count_obj2<_Ty>::_Ref_count_obj2<std::shared_ptr<Shaders>&,std::shared_ptr<Font>&,std::basic_string<char,std::char_traits<char>,std::allocator<char>>,TEXT_COLOR,double>(std::shared_ptr<Shaders> &,std::shared_ptr<Font> &,std::basic_string<char,std::char_traits<char>,std::allocator<char>> &&,TEXT_COLOR &&,double &&)' being compiled
          with
          [
              _Ty=Text
          ]
C:\Program Files (x86)\Microsoft Visual Studio\2019\Community\VC\Tools\MSVC\14.28.29910\include\memory(2907): message : see reference to function template instantiation 'std::_Ref_count_obj2<_Ty>::_Ref_count_obj2<std::shared_ptr<Shaders>&,std::shared_ptr<Font>&,std::basic_string<char,std::char_traits<char>,std::allocator<char>>,TEXT_COLOR,double>(std::shared_ptr<Shaders> &,std::shared_ptr<Font> &,std::basic_string<char,std::char_traits<char>,std::allocator<char>> &&,TEXT_COLOR &&,double &&)' being compiled
          with
          [
              _Ty=Text
          ]
C:\Users\DELL\Downloads\New folder\TrainingFramework\src\GameStates\GSPlay.cpp(66): message : see reference to function template instantiation 'std::shared_ptr<Text> std::make_shared<Text,std::shared_ptr<Shaders>&,std::shared_ptr<Font>&,std::basic_string<char,std::char_traits<char>,std::allocator<char>>,TEXT_COLOR,double>(std::shared_ptr<Shaders> &,std::shared_ptr<Font> &,std::basic_string<char,std::char_traits<char>,std::allocator<char>> &&,TEXT_COLOR &&,double &&)' being compiled
LINK : warning LNK4098: defaultlib 'LIBCMT' conflicts with use of other libs; use /NODEFAULTLIB:library
  Generating code
  Previous IPDB not found, fall back to full compilation.
  All 2213 functions were compiled because no usable IPDB/IOBJ from previous compilation was found.
  Finished generating code
  TrainingFramework.vcxproj -> C:\Users\DELL\Downloads\New folder\BIN-Nvidia\TrainingFramework.exe
