c:\users\dell\desktop\gameloft\programming_lesson_06\utilities\debug-nvidia\utilities.pdb
c:\users\dell\desktop\gameloft\programming_lesson_06\utilities\debug-nvidia\utilities.idb
c:\users\dell\desktop\gameloft\programming_lesson_06\utilities\debug-nvidia\esshader.obj
c:\users\dell\desktop\gameloft\programming_lesson_06\utilities\debug-nvidia\esutil.obj
c:\users\dell\desktop\gameloft\programming_lesson_06\utilities\debug-nvidia\esutil_win.obj
c:\users\dell\desktop\gameloft\programming_lesson_06\utilities\debug-nvidia\u_math.obj
c:\users\dell\desktop\gameloft\programming_lesson_06\utilities\debug-nvidia\memorymanager.obj
c:\users\dell\desktop\gameloft\programming_lesson_06\utilities\debug-nvidia\memoryoperators.obj
c:\users\dell\desktop\gameloft\programming_lesson_06\utilities\debug-nvidia\tga.obj
c:\users\dell\documents\github\final_project\new folder\utilities\debug-nvidia\utilities.pdb
c:\users\dell\documents\github\final_project\new folder\utilities\debug-nvidia\utilities.idb
c:\users\dell\documents\github\final_project\new folder\utilities\debug-nvidia\esshader.obj
c:\users\dell\documents\github\final_project\new folder\utilities\debug-nvidia\esutil.obj
c:\users\dell\documents\github\final_project\new folder\utilities\debug-nvidia\esutil_win.obj
c:\users\dell\documents\github\final_project\new folder\utilities\debug-nvidia\u_math.obj
c:\users\dell\documents\github\final_project\new folder\utilities\debug-nvidia\memorymanager.obj
c:\users\dell\documents\github\final_project\new folder\utilities\debug-nvidia\memoryoperators.obj
c:\users\dell\documents\github\final_project\new folder\utilities\debug-nvidia\tga.obj
c:\users\dell\desktop\gameloft\programming_lesson_06\bin-nvidia\utilitiesd.lib
c:\users\dell\documents\github\final_project\new folder\bin-nvidia\utilitiesd.lib
c:\users\dell\documents\github\final_project\new folder\utilities\debug-nvidia\utilities.tlog\cl.command.1.tlog
c:\users\dell\documents\github\final_project\new folder\utilities\debug-nvidia\utilities.tlog\cl.read.1.tlog
c:\users\dell\documents\github\final_project\new folder\utilities\debug-nvidia\utilities.tlog\cl.write.1.tlog
c:\users\dell\documents\github\final_project\new folder\utilities\debug-nvidia\utilities.tlog\lib-link.read.1.tlog
c:\users\dell\documents\github\final_project\new folder\utilities\debug-nvidia\utilities.tlog\lib-link.write.1.tlog
c:\users\dell\documents\github\final_project\new folder\utilities\debug-nvidia\utilities.tlog\lib.command.1.tlog
